\BOOKMARK [0][-]{Desky.0}{Desky}{}% 1
\BOOKMARK [0][-]{Titulni strana.0}{Tituln\355\040strana}{}% 2
\BOOKMARK [0][-]{Bibliograficky zaznam.0}{Bibliografick\375\040z\341znam}{}% 3
\BOOKMARK [0][-]{Bibliographic Entry.0}{Bibliographic\040Entry}{}% 4
\BOOKMARK [0][-]{Abstrakt.0}{Abstrakt}{}% 5
\BOOKMARK [0][-]{Abstract.0}{Abstract}{}% 6
\BOOKMARK [0][-]{Oficialni zadani.0}{Ofici\341ln\355\040zad\341n\355}{}% 7
\BOOKMARK [0][-]{Podekovani.0}{\376\377\000P\000o\000d\001\033\000k\000o\000v\000\341\000n\000\355}{}% 8
\BOOKMARK [0][-]{Prohlaseni.0}{Prohl\341\235en\355}{}% 9
\BOOKMARK [0][-]{Obsah.0}{Obsah}{}% 10
\BOOKMARK [0][-]{chapter*.3}{Nomenclature}{}% 11
\BOOKMARK [0][-]{chapter*.4}{Introduction}{}% 12
\BOOKMARK [0][-]{chapter.1}{Relativistic\040quantum\040mechanics}{}% 13
\BOOKMARK [1][-]{section.1.1}{Canonical\040quantization}{chapter.1}% 14
\BOOKMARK [1][-]{section.1.2}{Klein-Gordon\040equation}{chapter.1}% 15
\BOOKMARK [1][-]{section.1.3}{Dirac\040equation}{chapter.1}% 16
\BOOKMARK [0][-]{chapter.2}{Failures\040of\040the\040Relativistic\040Quantum\040Mechanics}{}% 17
\BOOKMARK [1][-]{section.2.1}{}{chapter.2}% 18
\BOOKMARK [1][-]{section.2.2}{Klein-Gordon\040equation}{chapter.2}% 19
\BOOKMARK [1][-]{section.2.3}{Dirac\040equation}{chapter.2}% 20
\BOOKMARK [0][-]{chapter*.8}{Conclusion}{}% 21
\BOOKMARK [0][-]{chapter*.9}{Bibliography}{}% 22
